<?xml version="1.0" encoding="UTF-8"?>
<coverage generated="1678546026948" clover="3.2.0">
  <project timestamp="1678546026948" name="All files">
    <metrics statements="6" coveredstatements="6" conditionals="0" coveredconditionals="0" methods="3" coveredmethods="2" elements="9" coveredelements="8" complexity="0" loc="6" ncloc="6" packages="1" files="2" classes="2"/>
    <file name="sum.js" path="/home/mart/Documents/coding-stuff/test-test/sum.js">
      <metrics statements="2" coveredstatements="2" conditionals="0" coveredconditionals="0" methods="1" coveredmethods="1"/>
      <line num="1" count="1" type="stmt"/>
      <line num="3" count="1" type="stmt"/>
    </file>
    <file name="type.ts" path="/home/mart/Documents/coding-stuff/test-test/type.ts">
      <metrics statements="4" coveredstatements="4" conditionals="0" coveredconditionals="0" methods="2" coveredmethods="1"/>
      <line num="1" count="1" type="stmt"/>
      <line num="3" count="5" type="stmt"/>
      <line num="5" count="1" type="stmt"/>
      <line num="6" count="1" type="stmt"/>
    </file>
  </project>
</coverage>
